2020-01-26 17:12:13.062804, sno 174669, subject 경찰 코스프레
2020-01-26 17:13:20.339883, sno 174669, subject 경찰 코스프레
2020-01-26 17:14:27.238104, sno 174669, subject 경찰 코스프레
2020-01-26 17:15:34.519639, sno 174669, subject 경찰 코스프레
2020-01-26 17:16:42.436273, sno 174669, subject 경찰 코스프레
2020-01-26 17:17:50.010547, sno 174669, subject 경찰 코스프레
2020-01-26 17:18:57.052425, sno 174669, subject 경찰 코스프레
2020-01-26 17:20:04.233399, sno 174669, subject 경찰 코스프레
2020-01-26 17:21:11.534911, sno 174669, subject 경찰 코스프레
2020-01-26 17:22:18.952438, sno 174669, subject 경찰 코스프레
2020-01-26 17:23:26.312561, sno 174669, subject 경찰 코스프레
2020-01-26 17:24:30.546820, sno 174669, subject 경찰 코스프레
2020-01-26 17:25:34.932333, sno 174669, subject 경찰 코스프레
2020-01-26 17:26:39.337065, sno 174669, subject 경찰 코스프레
2020-01-26 17:27:43.518670, sno 174669, subject 경찰 코스프레
2020-01-26 17:28:48.437373, sno 174669, subject 경찰 코스프레
2020-01-26 17:29:52.654817, sno 174669, subject 경찰 코스프레
2020-01-26 17:30:57.133766, sno 174669, subject 경찰 코스프레
2020-01-26 17:32:00.919479, sno 174669, subject 경찰 코스프레
2020-01-26 17:33:04.727587, sno 174669, subject 경찰 코스프레
2020-01-26 17:34:08.433990, sno 174669, subject 경찰 코스프레
2020-01-26 17:35:12.418108, sno 174669, subject 경찰 코스프레
2020-01-26 17:36:16.236472, sno 174669, subject 경찰 코스프레
2020-01-26 17:37:20.434740, sno 174669, subject 경찰 코스프레
2020-01-26 17:38:24.610579, sno 174669, subject 경찰 코스프레
2020-01-26 17:39:28.540293, sno 174669, subject 경찰 코스프레
2020-01-26 17:40:32.530560, sno 174669, subject 경찰 코스프레
2020-01-26 17:41:36.546044, sno 174669, subject 경찰 코스프레
2020-01-26 17:42:40.427182, sno 174669, subject 경찰 코스프레
2020-01-26 17:43:44.557456, sno 174669, subject 경찰 코스프레
2020-01-26 17:44:48.610672, sno 174669, subject 경찰 코스프레
2020-01-26 17:45:52.937128, sno 174669, subject 경찰 코스프레
2020-01-26 17:46:56.615902, sno 174669, subject 경찰 코스프레
2020-01-26 17:48:00.410913, sno 174669, subject 경찰 코스프레
2020-01-26 17:49:04.333175, sno 174669, subject 경찰 코스프레
2020-01-26 17:50:08.050608, sno 174669, subject 경찰 코스프레
2020-01-26 17:51:12.427127, sno 174669, subject 경찰 코스프레
2020-01-26 17:52:16.324599, sno 174669, subject 경찰 코스프레
2020-01-26 17:53:20.439102, sno 174669, subject 경찰 코스프레
2020-01-26 17:54:24.133981, sno 174669, subject 경찰 코스프레
2020-01-26 17:55:28.012697, sno 174669, subject 경찰 코스프레
2020-01-26 17:56:31.633351, sno 174669, subject 경찰 코스프레
2020-01-26 17:57:35.419375, sno 174669, subject 경찰 코스프레
2020-01-26 17:58:39.340493, sno 174670, subject 타투
2020-01-26 17:59:43.126003, sno 174670, subject 타투
2020-01-26 18:00:47.010072, sno 174671, subject Lina Posada
2020-01-26 18:01:50.551541, sno 174671, subject Lina Posada
2020-01-26 18:02:54.338881, sno 174671, subject Lina Posada
2020-01-26 18:03:58.128809, sno 174672, subject Olga Katysheva
2020-01-26 18:05:01.631043, sno 174673, subject Susanna Canzian
2020-01-26 18:06:04.930533, sno 174673, subject Susanna Canzian
2020-01-26 18:07:07.928577, sno 174674, subject 걸크러쉬 태이~
2020-01-26 18:08:11.331367, sno 174674, subject 걸크러쉬 태이~
2020-01-26 18:09:14.524106, sno 174674, subject 걸크러쉬 태이~
2020-01-26 18:10:17.648630, sno 174674, subject 걸크러쉬 태이~
2020-01-26 18:11:20.731732, sno 174674, subject 걸크러쉬 태이~
2020-01-26 18:12:23.740377, sno 174674, subject 걸크러쉬 태이~
2020-01-26 18:13:27.136438, sno 174674, subject 걸크러쉬 태이~
2020-01-26 18:14:30.031066, sno 174674, subject 걸크러쉬 태이~
2020-01-26 18:15:32.930510, sno 174674, subject 걸크러쉬 태이~
2020-01-26 18:16:36.035752, sno 174674, subject 걸크러쉬 태이~
2020-01-26 18:17:39.315653, sno 174674, subject 걸크러쉬 태이~
2020-01-26 18:18:42.322611, sno 174674, subject 걸크러쉬 태이~
2020-01-26 18:19:45.322337, sno 174674, subject 걸크러쉬 태이~
2020-01-26 18:20:48.830805, sno 174674, subject 걸크러쉬 태이~
2020-01-26 18:21:52.242777, sno 174674, subject 걸크러쉬 태이~
2020-01-26 18:22:55.240263, sno 174674, subject 걸크러쉬 태이~
2020-01-26 18:23:58.731460, sno 174674, subject 걸크러쉬 태이~
2020-01-26 18:25:01.858897, sno 174674, subject 걸크러쉬 태이~
2020-01-26 18:26:05.130114, sno 174674, subject 걸크러쉬 태이~
2020-01-26 18:27:08.424254, sno 174674, subject 걸크러쉬 태이~
2020-01-26 18:28:11.636662, sno 174674, subject 걸크러쉬 태이~
2020-01-26 18:29:15.131573, sno 174674, subject 걸크러쉬 태이~
2020-01-26 18:30:18.848451, sno 174674, subject 걸크러쉬 태이~
2020-01-26 18:31:22.252124, sno 174674, subject 걸크러쉬 태이~
2020-01-26 18:32:25.810049, sno 174674, subject 걸크러쉬 태이~
2020-01-26 18:33:29.047302, sno 174674, subject 걸크러쉬 태이~
2020-01-26 18:34:32.155559, sno 174674, subject 걸크러쉬 태이~
2020-01-26 18:35:35.121680, sno 174675, subject 우주소녀 계절별 무대의상.jpgif
2020-01-26 18:36:38.121653, sno 174675, subject 우주소녀 계절별 무대의상.jpgif
2020-01-26 18:37:41.123280, sno 174675, subject 우주소녀 계절별 무대의상.jpgif
2020-01-26 18:38:44.127562, sno 174675, subject 우주소녀 계절별 무대의상.jpgif
2020-01-26 18:39:47.329833, sno 174675, subject 우주소녀 계절별 무대의상.jpgif
2020-01-26 18:40:51.033129, sno 174675, subject 우주소녀 계절별 무대의상.jpgif
2020-01-26 18:41:54.231176, sno 174675, subject 우주소녀 계절별 무대의상.jpgif
2020-01-26 18:42:57.436722, sno 174675, subject 우주소녀 계절별 무대의상.jpgif
2020-01-26 18:44:00.832947, sno 174675, subject 우주소녀 계절별 무대의상.jpgif
2020-01-26 18:45:04.055138, sno 174675, subject 우주소녀 계절별 무대의상.jpgif
2020-01-26 18:46:07.155465, sno 174675, subject 우주소녀 계절별 무대의상.jpgif
2020-01-26 18:47:10.258145, sno 174675, subject 우주소녀 계절별 무대의상.jpgif
2020-01-26 18:48:13.457570, sno 174675, subject 우주소녀 계절별 무대의상.jpgif
2020-01-26 18:49:16.854139, sno 174675, subject 우주소녀 계절별 무대의상.jpgif
2020-01-26 18:50:20.418399, sno 174675, subject 우주소녀 계절별 무대의상.jpgif
2020-01-26 18:51:23.329266, sno 174675, subject 우주소녀 계절별 무대의상.jpgif
2020-01-26 18:52:26.431386, sno 174675, subject 우주소녀 계절별 무대의상.jpgif
2020-01-26 18:53:29.652491, sno 174675, subject 우주소녀 계절별 무대의상.jpgif
2020-01-26 18:54:32.923462, sno 174675, subject 우주소녀 계절별 무대의상.jpgif
2020-01-26 18:55:36.256865, sno 174675, subject 우주소녀 계절별 무대의상.jpgif
2020-01-26 18:56:39.356032, sno 174675, subject 우주소녀 계절별 무대의상.jpgif
2020-01-26 18:57:41.829258, sno 174675, subject 우주소녀 계절별 무대의상.jpgif
2020-01-26 18:58:45.229841, sno 174675, subject 우주소녀 계절별 무대의상.jpgif
2020-01-26 18:59:48.527065, sno 174675, subject 우주소녀 계절별 무대의상.jpgif
2020-01-26 19:00:52.230075, sno 174675, subject 우주소녀 계절별 무대의상.jpgif
2020-01-26 19:01:55.631321, sno 174675, subject 우주소녀 계절별 무대의상.jpgif
2020-01-26 19:02:58.735267, sno 174675, subject 우주소녀 계절별 무대의상.jpgif
2020-01-26 19:04:01.825429, sno 174675, subject 우주소녀 계절별 무대의상.jpgif
2020-01-26 19:05:05.322141, sno 174675, subject 우주소녀 계절별 무대의상.jpgif
2020-01-26 19:06:08.634181, sno 174675, subject 우주소녀 계절별 무대의상.jpgif
2020-01-26 19:07:11.728884, sno 174675, subject 우주소녀 계절별 무대의상.jpgif
2020-01-26 19:08:15.027272, sno 174675, subject 우주소녀 계절별 무대의상.jpgif
2020-01-26 19:09:18.627643, sno 174675, subject 우주소녀 계절별 무대의상.jpgif